[debug] [2021-06-21T00:45:12.002Z] ----------------------------------------------------------------------
[debug] [2021-06-21T00:45:12.003Z] Command:       /opt/homebrew/Cellar/node/15.9.0/bin/node /opt/homebrew/bin/firebase deploy --only hosting -P dev
[debug] [2021-06-21T00:45:12.003Z] CLI Version:   9.12.1
[debug] [2021-06-21T00:45:12.003Z] Platform:      darwin
[debug] [2021-06-21T00:45:12.003Z] Node Version:  v15.9.0
[debug] [2021-06-21T00:45:12.004Z] Time:          Sun Jun 20 2021 20:45:12 GMT-0400 (Eastern Daylight Time)
[debug] [2021-06-21T00:45:12.004Z] ----------------------------------------------------------------------
[debug] 
[debug] [2021-06-21T00:45:12.008Z] > command requires scopes: ["email","openid","https://www.googleapis.com/auth/cloudplatformprojects.readonly","https://www.googleapis.com/auth/firebase","https://www.googleapis.com/auth/cloud-platform"]
[debug] [2021-06-21T00:45:12.008Z] > authorizing via signed-in user (cody.husek@husoftsolutions.com)
[debug] [2021-06-21T00:45:12.008Z] [iam] checking project dev for permissions ["firebase.projects.get","firebasehosting.sites.update"]
[debug] [2021-06-21T00:45:12.009Z] > refreshing access token with scopes: ["email","https://www.googleapis.com/auth/cloud-platform","https://www.googleapis.com/auth/cloudplatformprojects.readonly","https://www.googleapis.com/auth/firebase","openid"]
[debug] [2021-06-21T00:45:12.009Z] >>> HTTP REQUEST POST https://www.googleapis.com/oauth2/v3/token  
 <request body omitted>
[debug] [2021-06-21T00:45:12.345Z] <<< HTTP RESPONSE 200 {"cache-control":"no-cache, no-store, max-age=0, must-revalidate","expires":"Mon, 01 Jan 1990 00:00:00 GMT","date":"Mon, 21 Jun 2021 00:45:12 GMT","pragma":"no-cache","content-type":"application/json; charset=utf-8","vary":"X-Origin, Referer, Origin,Accept-Encoding","server":"scaffolding on HTTPServer2","x-xss-protection":"0","x-frame-options":"SAMEORIGIN","x-content-type-options":"nosniff","alt-svc":"h3=\":443\"; ma=2592000,h3-29=\":443\"; ma=2592000,h3-T051=\":443\"; ma=2592000,h3-Q050=\":443\"; ma=2592000,h3-Q046=\":443\"; ma=2592000,h3-Q043=\":443\"; ma=2592000,quic=\":443\"; ma=2592000; v=\"46,43\"","accept-ranges":"none","transfer-encoding":"chunked"}
[debug] [2021-06-21T00:45:12.391Z] >>> HTTP REQUEST POST https://cloudresourcemanager.googleapis.com/v1/projects/dev:testIamPermissions  
 {"permissions":["firebase.projects.get","firebasehosting.sites.update"]}
[debug] [2021-06-21T00:45:12.724Z] <<< HTTP RESPONSE 200 {"content-type":"application/json; charset=UTF-8","vary":"X-Origin, Referer, Origin,Accept-Encoding","date":"Mon, 21 Jun 2021 00:45:12 GMT","server":"ESF","cache-control":"private","x-xss-protection":"0","x-frame-options":"SAMEORIGIN","x-content-type-options":"nosniff","server-timing":"gfet4t7; dur=167","alt-svc":"h3=\":443\"; ma=2592000,h3-29=\":443\"; ma=2592000,h3-T051=\":443\"; ma=2592000,h3-Q050=\":443\"; ma=2592000,h3-Q046=\":443\"; ma=2592000,h3-Q043=\":443\"; ma=2592000,quic=\":443\"; ma=2592000; v=\"46,43\"","accept-ranges":"none","transfer-encoding":"chunked"}
[debug] [2021-06-21T00:45:12.725Z] [iam] error while checking permissions, command may fail: FirebaseError: Authorization failed. This account is missing the following required permissions on project dev:

  firebase.projects.get
  firebasehosting.sites.update
[debug] [2021-06-21T00:45:12.725Z] > refreshing access token with scopes: []
[debug] [2021-06-21T00:45:12.726Z] >>> HTTP REQUEST POST https://www.googleapis.com/oauth2/v3/token  
 <request body omitted>
[debug] [2021-06-21T00:45:12.876Z] <<< HTTP RESPONSE 200 {"expires":"Mon, 01 Jan 1990 00:00:00 GMT","pragma":"no-cache","cache-control":"no-cache, no-store, max-age=0, must-revalidate","date":"Mon, 21 Jun 2021 00:45:12 GMT","content-type":"application/json; charset=utf-8","vary":"X-Origin, Referer, Origin,Accept-Encoding","server":"scaffolding on HTTPServer2","x-xss-protection":"0","x-frame-options":"SAMEORIGIN","x-content-type-options":"nosniff","alt-svc":"h3=\":443\"; ma=2592000,h3-29=\":443\"; ma=2592000,h3-T051=\":443\"; ma=2592000,h3-Q050=\":443\"; ma=2592000,h3-Q046=\":443\"; ma=2592000,h3-Q043=\":443\"; ma=2592000,quic=\":443\"; ma=2592000; v=\"46,43\"","accept-ranges":"none","transfer-encoding":"chunked"}
[debug] [2021-06-21T00:45:12.917Z] >>> [apiv2][query] GET https://firebase.googleapis.com/v1beta1/projects/dev [none]
[debug] [2021-06-21T00:45:13.252Z] <<< [apiv2][status] GET https://firebase.googleapis.com/v1beta1/projects/dev 403
[debug] [2021-06-21T00:45:13.252Z] <<< [apiv2][body] GET https://firebase.googleapis.com/v1beta1/projects/dev {"error":{"code":403,"message":"The caller does not have permission","status":"PERMISSION_DENIED"}}
[debug] [2021-06-21T00:45:13.252Z] HTTP Error: 403, The caller does not have permission
[debug] [2021-06-21T00:45:13.432Z] FirebaseError: HTTP Error: 403, The caller does not have permission
    at module.exports (/opt/homebrew/lib/node_modules/firebase-tools/lib/responseToError.js:38:12)
    at Client.doRequest (/opt/homebrew/lib/node_modules/firebase-tools/lib/apiv2.js:238:23)
    at processTicksAndRejections (node:internal/process/task_queues:94:5)
    at async Client.request (/opt/homebrew/lib/node_modules/firebase-tools/lib/apiv2.js:96:20)
    at async Object.getFirebaseProject (/opt/homebrew/lib/node_modules/firebase-tools/lib/management/projects.js:290:21)
    at async Object.getDefaultHostingSite (/opt/homebrew/lib/node_modules/firebase-tools/lib/getDefaultHostingSite.js:8:21)
    at async requireHostingSite (/opt/homebrew/lib/node_modules/firebase-tools/lib/requireHostingSite.js:9:18)
    at async Object.fn (/opt/homebrew/lib/node_modules/firebase-tools/lib/commands/deploy.js:66:9)
    at async /opt/homebrew/lib/node_modules/firebase-tools/lib/command.js:169:17
[error] 
[error] Error: Failed to get Firebase project dev. Please make sure the project exists and your account has permission to access it.
